<?xml version="1.0" encoding="UTF-8"?>
<!-- Generated by org.testng.reporters.JUnitReportReporter -->
<testsuite skipped="0" hostname="VAIO" name="pages.TC004_DeleteLead" tests="1" failures="0" timestamp="04 Aug 2018 05:17:15 GMT" time="88.345" errors="0">
  <testcase name="createLead" time="88.345" classname="pages.TC004_DeleteLead"/>
</testsuite> <!-- pages.TC004_DeleteLead -->
