<?xml version="1.0" encoding="UTF-8"?>
<!-- Generated by org.testng.reporters.JUnitReportReporter -->
<testsuite skipped="0" hostname="VAIO" name="pages.TC002_CreateContact" tests="2" failures="0" timestamp="03 Aug 2018 19:18:52 GMT" time="40.231" errors="0">
  <testcase name="createContact" time="19.565" classname="pages.TC002_CreateContact"/>
  <testcase name="createContact" time="20.666" classname="pages.TC002_CreateContact"/>
</testsuite> <!-- pages.TC002_CreateContact -->
