<?xml version="1.0" encoding="UTF-8"?>
<!-- Generated by org.testng.reporters.JUnitReportReporter -->
<testsuite skipped="0" hostname="VAIO" name="pages.TC001_CreateLead" tests="2" failures="0" timestamp="04 Aug 2018 03:57:52 GMT" time="54.919" errors="0">
  <testcase name="createLead" time="24.053" classname="pages.TC001_CreateLead"/>
  <testcase name="createLead" time="30.866" classname="pages.TC001_CreateLead"/>
</testsuite> <!-- pages.TC001_CreateLead -->
